生成启动时间为 2017/6/10 14:13:52。
     1>项目“C:\Users\Administrator\Desktop\saveresult\bin\ADDCOLOR.vcxproj”在节点 2 上(Build 个目标)。
     1>ClCompile:
         C:\Program Files (x86)\Microsoft Visual Studio 11.0\VC\bin\x86_amd64\CL.exe /c /IC:\Users\Administrator\Desktop\saveresult\bin\ITKIOFactoryRegistration /I"D:\I_VTK\ITK\include\ITK-4.10" /I"D:\I_VTK\VTK\include\vtk-7.1" /ID:\I_VTK\VTK\include /ZI /nologo /W3 /WX- /Od /Ob2 /D WIN32 /D _WINDOWS /D NDEBUG /D "vtkDomainsChemistry_AUTOINIT=1(vtkDomainsChemistryOpenGL2)" /D "vtkRenderingContext2D_AUTOINIT=1(vtkRenderingContextOpenGL2)" /D "vtkRenderingCore_INCLUDE=\"C:/Users/Administrator/Desktop/saveresult/bin/CMakeFiles/vtkRenderingCore_AUTOINIT_vtkInteractionStyle_vtkRenderingFreeType_vtkRenderingOpenGL2.h\"" /D "vtkRenderingOpenGL2_AUTOINIT=1(vtkRenderingGL2PSOpenGL2)" /D "vtkRenderingVolume_AUTOINIT=1(vtkRenderingVolumeOpenGL2)" /D ITK_IO_FACTORY_REGISTER_MANAGER /D "CMAKE_INTDIR=\"Release\"" /D _MBCS /Gm- /EHsc /MD /GS /fp:precise /Zc:wchar_t /Zc:forScope /GR /Fo"ADDCOLOR.dir\Release\\" /Fd"ADDCOLOR.dir\Release\vc110.pdb" /Gd /TP /errorReport:prompt  /bigobj C:\Users\Administrator\Desktop\saveresult\source\ADDCOLOR.cxx
     1>cl : 命令行 warning D9038: 此平台上不支持 /ZI；请启用 /Zi
         ADDCOLOR.cxx
     1>d:\i_vtk\itk\include\itk-4.10\itkImageSeriesWriter.hxx(163): warning C4996: '_snprintf': This function or variable may be unsafe. Consider using _snprintf_s instead. To disable deprecation, use _CRT_SECURE_NO_WARNINGS. See online help for details.
                 C:\Program Files (x86)\Microsoft Visual Studio 11.0\VC\include\stdio.h(349) : 参见“_snprintf”的声明
                 d:\i_vtk\itk\include\itk-4.10\itkImageSeriesWriter.hxx(138): 编译类 模板 成员函数“void itk::ImageSeriesWriter<TInputImage,TOutputImage>::GenerateNumericFileNames(void)”时
                 with
                 [
                     TInputImage=ImageType,
                     TOutputImage=Image2DType
                 ]
                 d:\i_vtk\itk\include\itk-4.10\itkImageSeriesWriter.hxx(129): 参见对正在编译的函数 模板 实例化“void itk::ImageSeriesWriter<TInputImage,TOutputImage>::GenerateNumericFileNames(void)”的引用
                 with
                 [
                     TInputImage=ImageType,
                     TOutputImage=Image2DType
                 ]
                 d:\i_vtk\itk\include\itk-4.10\itkImageSeriesWriter.hxx(71): 编译类 模板 成员函数“const itk::Image<TPixel,VImageDimension> *itk::ImageSeriesWriter<TInputImage,TOutputImage>::GetInput(void)”时
                 with
                 [
                     TPixel=PixelType,
                     VImageDimension=3,
                     TInputImage=ImageType,
                     TOutputImage=Image2DType
                 ]
                 d:\i_vtk\itk\include\itk-4.10\itkImageSeriesWriter.hxx(90): 参见对正在编译的函数 模板 实例化“const itk::Image<TPixel,VImageDimension> *itk::ImageSeriesWriter<TInputImage,TOutputImage>::GetInput(void)”的引用
                 with
                 [
                     TPixel=PixelType,
                     VImageDimension=3,
                     TInputImage=ImageType,
                     TOutputImage=Image2DType
                 ]
                 d:\i_vtk\itk\include\itk-4.10\itkImageSeriesWriter.hxx(60): 编译类 模板 成员函数“void itk::ImageSeriesWriter<TInputImage,TOutputImage>::SetInput(const itk::Image<TPixel,VImageDimension> *)”时
                 with
                 [
                     TInputImage=ImageType,
                     TOutputImage=Image2DType,
                     TPixel=PixelType,
                     VImageDimension=3
                 ]
                 C:\Users\Administrator\Desktop\saveresult\source\ADDCOLOR.cxx(1280): 参见对正在编译的函数 模板 实例化“void itk::ImageSeriesWriter<TInputImage,TOutputImage>::SetInput(const itk::Image<TPixel,VImageDimension> *)”的引用
                 with
                 [
                     TInputImage=ImageType,
                     TOutputImage=Image2DType,
                     TPixel=PixelType,
                     VImageDimension=3
                 ]
                 C:\Users\Administrator\Desktop\saveresult\source\ADDCOLOR.cxx(1278): 参见对正在编译的类 模板 实例化“itk::ImageSeriesWriter<TInputImage,TOutputImage>”的引用
                 with
                 [
                     TInputImage=ImageType,
                     TOutputImage=Image2DType
                 ]
       Link:
         C:\Program Files (x86)\Microsoft Visual Studio 11.0\VC\bin\x86_amd64\link.exe /ERRORREPORT:PROMPT /OUT:"C:\Users\Administrator\Desktop\saveresult\bin\Release\ADDCOLOR.exe" /INCREMENTAL:NO /NOLOGO kernel32.lib user32.lib gdi32.lib winspool.lib shell32.lib ole32.lib oleaut32.lib uuid.lib comdlg32.lib advapi32.lib "D:\I_VTK\ITK\lib\itkdouble-conversion-4.10.lib" "D:\I_VTK\ITK\lib\itksys-4.10.lib" "D:\I_VTK\ITK\lib\itkvnl_algo-4.10.lib" "D:\I_VTK\ITK\lib\itkvnl-4.10.lib" "D:\I_VTK\ITK\lib\itkv3p_netlib-4.10.lib" "D:\I_VTK\ITK\lib\itknetlib-4.10.lib" "D:\I_VTK\ITK\lib\itkvcl-4.10.lib" "D:\I_VTK\ITK\lib\itkNetlibSlatec-4.10.lib" "D:\I_VTK\ITK\lib\ITKStatistics-4.10.lib" "D:\I_VTK\ITK\lib\ITKLabelMap-4.10.lib" "D:\I_VTK\ITK\lib\ITKMesh-4.10.lib" "D:\I_VTK\ITK\lib\itkzlib-4.10.lib" "D:\I_VTK\ITK\lib\ITKMetaIO-4.10.lib" "D:\I_VTK\ITK\lib\ITKSpatialObjects-4.10.lib" "D:\I_VTK\ITK\lib\ITKPath-4.10.lib" "D:\I_VTK\ITK\lib\ITKQuadEdgeMesh-4.10.lib" "D:\I_VTK\ITK\lib\ITKOptimizers-4.10.lib" "D:\I_VTK\ITK\lib\ITKPolynomials-4.10.lib" "D:\I_VTK\ITK\lib\ITKBiasCorrection-4.10.lib" "D:\I_VTK\ITK\lib\ITKBioCell-4.10.lib" "D:\I_VTK\ITK\lib\ITKDICOMParser-4.10.lib" "D:\I_VTK\ITK\lib\ITKEXPAT-4.10.lib" "D:\I_VTK\ITK\lib\ITKIOSpatialObjects-4.10.lib" "D:\I_VTK\ITK\lib\ITKFEM-4.10.lib" "D:\I_VTK\ITK\lib\itkgdcmDICT-4.10.lib" "D:\I_VTK\ITK\lib\itkgdcmMSFF-4.10.lib" "D:\I_VTK\ITK\lib\ITKznz-4.10.lib" "D:\I_VTK\ITK\lib\ITKniftiio-4.10.lib" "D:\I_VTK\ITK\lib\ITKgiftiio-4.10.lib" "D:\I_VTK\ITK\lib\itkhdf5_cpp-4.10.lib" "D:\I_VTK\ITK\lib\itkhdf5-4.10.lib" "D:\I_VTK\ITK\lib\ITKIOBMP-4.10.lib" "D:\I_VTK\ITK\lib\ITKIOBioRad-4.10.lib" "D:\I_VTK\ITK\lib\ITKIOCSV-4.10.lib" "D:\I_VTK\ITK\lib\ITKIOGDCM-4.10.lib" "D:\I_VTK\ITK\lib\ITKIOGE-4.10.lib" "D:\I_VTK\ITK\lib\ITKIOGIPL-4.10.lib" "D:\I_VTK\ITK\lib\ITKIOHDF5-4.10.lib" "D:\I_VTK\ITK\lib\itkjpeg-4.10.lib" "D:\I_VTK\ITK\lib\ITKIOJPEG-4.10.lib" "D:\I_VTK\ITK\lib\itktiff-4.10.lib" "D:\I_VTK\ITK\lib\ITKIOLSM-4.10.lib" "D:\I_VTK\ITK\lib\ITKIOMRC-4.10.lib" "D:\I_VTK\ITK\lib\ITKIOMesh-4.10.lib" "D:\I_VTK\ITK\lib\ITKIOMeta-4.10.lib" "D:\I_VTK\ITK\lib\ITKIONIFTI-4.10.lib" "D:\I_VTK\ITK\lib\ITKNrrdIO-4.10.lib" "D:\I_VTK\ITK\lib\ITKIONRRD-4.10.lib" "D:\I_VTK\ITK\lib\itkpng-4.10.lib" "D:\I_VTK\ITK\lib\ITKIOPNG-4.10.lib" "D:\I_VTK\ITK\lib\ITKIOSiemens-4.10.lib" "D:\I_VTK\ITK\lib\ITKIOStimulate-4.10.lib" "D:\I_VTK\ITK\lib\ITKTransformFactory-4.10.lib" "D:\I_VTK\ITK\lib\ITKIOTransformHDF5-4.10.lib" "D:\I_VTK\ITK\lib\ITKIOTransformInsightLegacy-4.10.lib" "D:\I_VTK\ITK\lib\ITKIOTransformMatlab-4.10.lib" "D:\I_VTK\ITK\lib\ITKIOVTK-4.10.lib" "D:\I_VTK\ITK\lib\ITKKLMRegionGrowing-4.10.lib" "D:\I_VTK\ITK\lib\ITKOptimizersv4-4.10.lib" "D:\I_VTK\ITK\lib\ITKVTK-4.10.lib" "D:\I_VTK\ITK\lib\ITKVideoCore-4.10.lib" "D:\I_VTK\ITK\lib\ITKVideoIO-4.10.lib" "D:\I_VTK\ITK\lib\ITKWatersheds-4.10.lib" "D:\I_VTK\VTK\lib\vtkDomainsChemistryOpenGL2-7.1.lib" "D:\I_VTK\VTK\lib\vtkFiltersFlowPaths-7.1.lib" "D:\I_VTK\VTK\lib\vtkFiltersGeneric-7.1.lib" "D:\I_VTK\VTK\lib\vtkFiltersHyperTree-7.1.lib" "D:\I_VTK\VTK\lib\vtkFiltersParallelImaging-7.1.lib" "D:\I_VTK\VTK\lib\vtkFiltersPoints-7.1.lib" "D:\I_VTK\VTK\lib\vtkFiltersProgrammable-7.1.lib" "D:\I_VTK\VTK\lib\vtkFiltersSelection-7.1.lib" "D:\I_VTK\VTK\lib\vtkFiltersSMP-7.1.lib" "D:\I_VTK\VTK\lib\vtkFiltersTexture-7.1.lib" "D:\I_VTK\VTK\lib\vtkFiltersVerdict-7.1.lib" "D:\I_VTK\VTK\lib\vtkverdict-7.1.lib" "D:\I_VTK\VTK\lib\vtkGeovisCore-7.1.lib" "D:\I_VTK\VTK\lib\vtkproj4-7.1_d.lib" "D:\I_VTK\VTK\lib\vtkImagingMorphological-7.1.lib" "D:\I_VTK\VTK\lib\vtkImagingStatistics-7.1.lib" "D:\I_VTK\VTK\lib\vtkImagingStencil-7.1.lib" "D:\I_VTK\VTK\lib\vtkInteractionImage-7.1.lib" "D:\I_VTK\VTK\lib\vtkIOAMR-7.1.lib" "D:\I_VTK\VTK\lib\vtkIOEnSight-7.1.lib" "D:\I_VTK\VTK\lib\vtkIOExodus-7.1.lib" "D:\I_VTK\VTK\lib\vtkIOExport-7.1.lib" "D:\I_VTK\VTK\lib\vtkRenderingGL2PSOpenGL2-7.1.lib" "D:\I_VTK\VTK\lib\vtkIOImport-7.1.lib" "D:\I_VTK\VTK\lib\vtkIOInfovis-7.1.lib" "D:\I_VTK\VTK\lib\vtklibxml2-7.1.lib" "D:\I_VTK\VTK\lib\vtkIOLSDyna-7.1.lib" "D:\I_VTK\VTK\lib\vtkIOMINC-7.1.lib" "D:\I_VTK\VTK\lib\vtkIOMovie-7.1.lib" "D:\I_VTK\VTK\lib\vtkoggtheora-7.1.lib" "D:\I_VTK\VTK\lib\vtkIOParallel-7.1.lib" "D:\I_VTK\VTK\lib\vtkjsoncpp-7.1.lib" "D:\I_VTK\VTK\lib\vtkIOParallelXML-7.1.lib" "D:\I_VTK\VTK\lib\vtkIOPLY-7.1.lib" "D:\I_VTK\VTK\lib\vtkIOSQL-7.1.lib" "D:\I_VTK\VTK\lib\vtksqlite-7.1.lib" "D:\I_VTK\VTK\lib\vtkIOTecplotTable-7.1.lib" "D:\I_VTK\VTK\lib\vtkIOVideo-7.1.lib" "D:\I_VTK\VTK\lib\vtkRenderingContextOpenGL2-7.1.lib" "D:\I_VTK\VTK\lib\vtkRenderingImage-7.1.lib" "D:\I_VTK\VTK\lib\vtkRenderingLOD-7.1.lib" "D:\I_VTK\VTK\lib\vtkRenderingVolumeOpenGL2-7.1.lib" "D:\I_VTK\VTK\lib\vtkViewsContext2D-7.1.lib" "D:\I_VTK\VTK\lib\vtkViewsInfovis-7.1.lib" "D:\I_VTK\ITK\lib\ITKIOXML-4.10.lib" "D:\I_VTK\ITK\lib\ITKniftiio-4.10.lib" "D:\I_VTK\ITK\lib\ITKznz-4.10.lib" kernel32.lib "D:\I_VTK\ITK\lib\itkgdcmMSFF-4.10.lib" "D:\I_VTK\ITK\lib\itkgdcmDICT-4.10.lib" "D:\I_VTK\ITK\lib\itkgdcmIOD-4.10.lib" "D:\I_VTK\ITK\lib\ITKEXPAT-4.10.lib" "D:\I_VTK\ITK\lib\itkgdcmDSED-4.10.lib" "D:\I_VTK\ITK\lib\itkgdcmCommon-4.10.lib" crypt32.lib "D:\I_VTK\ITK\lib\itkgdcmjpeg8-4.10.lib" "D:\I_VTK\ITK\lib\itkgdcmjpeg12-4.10.lib" "D:\I_VTK\ITK\lib\itkgdcmjpeg16-4.10.lib" "D:\I_VTK\ITK\lib\itkgdcmopenjpeg-4.10.lib" "D:\I_VTK\ITK\lib\itkgdcmcharls-4.10.lib" rpcrt4.lib "D:\I_VTK\ITK\lib\itkjpeg-4.10.lib" "D:\I_VTK\ITK\lib\ITKIOTIFF-4.10.lib" "D:\I_VTK\ITK\lib\ITKMetaIO-4.10.lib" "D:\I_VTK\ITK\lib\itkzlib-4.10.lib" "D:\I_VTK\ITK\lib\ITKIOIPL-4.10.lib" "D:\I_VTK\ITK\lib\ITKIOTransformBase-4.10.lib" "D:\I_VTK\ITK\lib\ITKTransformFactory-4.10.lib" "D:\I_VTK\ITK\lib\ITKOptimizers-4.10.lib" "D:\I_VTK\ITK\lib\ITKIOImageBase-4.10.lib" "D:\I_VTK\ITK\lib\ITKVideoCore-4.10.lib" "D:\I_VTK\ITK\lib\ITKStatistics-4.10.lib" "D:\I_VTK\ITK\lib\itkNetlibSlatec-4.10.lib" "D:\I_VTK\ITK\lib\ITKSpatialObjects-4.10.lib" "D:\I_VTK\ITK\lib\ITKMesh-4.10.lib" "D:\I_VTK\ITK\lib\ITKTransform-4.10.lib" "D:\I_VTK\ITK\lib\ITKPath-4.10.lib" "D:\I_VTK\ITK\lib\ITKCommon-4.10.lib" "D:\I_VTK\ITK\lib\itksys-4.10.lib" "D:\I_VTK\ITK\lib\ITKVNLInstantiation-4.10.lib" "D:\I_VTK\ITK\lib\itkvnl_algo-4.10.lib" "D:\I_VTK\ITK\lib\itkvnl-4.10.lib" "D:\I_VTK\ITK\lib\itkv3p_netlib-4.10.lib" "D:\I_VTK\ITK\lib\itknetlib-4.10.lib" "D:\I_VTK\ITK\lib\itkvcl-4.10.lib" "D:\I_VTK\VTK\lib\vtkDomainsChemistry-7.1.lib" "D:\I_VTK\VTK\lib\vtkFiltersAMR-7.1.lib" "D:\I_VTK\VTK\lib\vtkgl2ps-7.1.lib" "D:\I_VTK\VTK\lib\vtkexoIIc-7.1.lib" "D:\I_VTK\VTK\lib\vtkFiltersParallel-7.1.lib" "D:\I_VTK\VTK\lib\vtkIOGeometry-7.1.lib" "D:\I_VTK\VTK\lib\vtkIONetCDF-7.1.lib" "D:\I_VTK\VTK\lib\vtkNetCDF_cxx-7.1.lib" "D:\I_VTK\VTK\lib\vtkNetCDF-7.1.lib" "D:\I_VTK\VTK\lib\vtkhdf5_hl-7.1.lib" "D:\I_VTK\VTK\lib\vtkhdf5-7.1.lib" "D:\I_VTK\VTK\lib\vtkParallelCore-7.1.lib" "D:\I_VTK\VTK\lib\vtkIOLegacy-7.1.lib" "D:\I_VTK\VTK\lib\vtkRenderingOpenGL2-7.1.lib" "D:\I_VTK\VTK\lib\vtkglew-7.1.lib" "D:\I_VTK\VTK\lib\vtkImagingMath-7.1.lib" "D:\I_VTK\VTK\lib\vtkChartsCore-7.1.lib" "D:\I_VTK\VTK\lib\vtkRenderingContext2D-7.1.lib" "D:\I_VTK\VTK\lib\vtkFiltersImaging-7.1.lib" "D:\I_VTK\VTK\lib\vtkInfovisLayout-7.1.lib" "D:\I_VTK\VTK\lib\vtkInfovisCore-7.1.lib" "D:\I_VTK\VTK\lib\vtkViewsCore-7.1.lib" "D:\I_VTK\VTK\lib\vtkInteractionWidgets-7.1.lib" "D:\I_VTK\VTK\lib\vtkFiltersHybrid-7.1.lib" "D:\I_VTK\VTK\lib\vtkImagingGeneral-7.1.lib" "D:\I_VTK\VTK\lib\vtkImagingSources-7.1.lib" "D:\I_VTK\VTK\lib\vtkFiltersModeling-7.1.lib" "D:\I_VTK\VTK\lib\vtkImagingHybrid-7.1.lib" "D:\I_VTK\VTK\lib\vtkIOImage-7.1.lib" "D:\I_VTK\VTK\lib\vtkDICOMParser-7.1.lib" "D:\I_VTK\VTK\lib\vtkmetaio-7.1.lib" comctl32.lib wsock32.lib "D:\I_VTK\VTK\lib\vtkpng-7.1.lib" "D:\I_VTK\VTK\lib\vtktiff-7.1.lib" "D:\I_VTK\VTK\lib\vtkjpeg-7.1.lib" "D:\I_VTK\VTK\lib\vtkInteractionStyle-7.1.lib" "D:\I_VTK\VTK\lib\vtkFiltersExtraction-7.1.lib" "D:\I_VTK\VTK\lib\vtkFiltersStatistics-7.1.lib" "D:\I_VTK\VTK\lib\vtkalglib-7.1.lib" "D:\I_VTK\VTK\lib\vtkImagingFourier-7.1.lib" "D:\I_VTK\VTK\lib\vtkRenderingAnnotation-7.1.lib" "D:\I_VTK\VTK\lib\vtkImagingColor-7.1.lib" "D:\I_VTK\VTK\lib\vtkRenderingVolume-7.1.lib" "D:\I_VTK\VTK\lib\vtkImagingCore-7.1.lib" "D:\I_VTK\VTK\lib\vtkIOXML-7.1.lib" "D:\I_VTK\VTK\lib\vtkIOXMLParser-7.1.lib" "D:\I_VTK\VTK\lib\vtkIOCore-7.1.lib" "D:\I_VTK\VTK\lib\vtkexpat-7.1.lib" "D:\I_VTK\VTK\lib\vtkRenderingLabel-7.1.lib" "D:\I_VTK\VTK\lib\vtkRenderingFreeType-7.1.lib" "D:\I_VTK\VTK\lib\vtkRenderingCore-7.1.lib" "D:\I_VTK\VTK\lib\vtkCommonColor-7.1.lib" "D:\I_VTK\VTK\lib\vtkFiltersGeometry-7.1.lib" "D:\I_VTK\VTK\lib\vtkFiltersSources-7.1.lib" "D:\I_VTK\VTK\lib\vtkFiltersGeneral-7.1.lib" "D:\I_VTK\VTK\lib\vtkCommonComputationalGeometry-7.1.lib" "D:\I_VTK\VTK\lib\vtkFiltersCore-7.1.lib" "D:\I_VTK\VTK\lib\vtkCommonExecutionModel-7.1.lib" "D:\I_VTK\VTK\lib\vtkCommonDataModel-7.1.lib" "D:\I_VTK\VTK\lib\vtkCommonTransforms-7.1.lib" "D:\I_VTK\VTK\lib\vtkCommonMisc-7.1.lib" "D:\I_VTK\VTK\lib\vtkCommonMath-7.1.lib" "D:\I_VTK\VTK\lib\vtkCommonSystem-7.1.lib" "D:\I_VTK\VTK\lib\vtkCommonCore-7.1.lib" "D:\I_VTK\VTK\lib\vtksys-7.1.lib" ws2_32.lib Psapi.lib "D:\I_VTK\VTK\lib\vtkfreetype-7.1.lib" "D:\I_VTK\VTK\lib\vtkzlib-7.1.lib" /MANIFEST /MANIFESTUAC:"level='asInvoker' uiAccess='false'" /manifest:embed /DEBUG /PDB:"C:/Users/Administrator/Desktop/saveresult/bin/Release/ADDCOLOR.pdb" /SUBSYSTEM:CONSOLE /TLBID:1 /DYNAMICBASE /NXCOMPAT /IMPLIB:"C:/Users/Administrator/Desktop/saveresult/bin/Release/ADDCOLOR.lib" /MACHINE:X64  /machine:x64 ADDCOLOR.dir\Release\ADDCOLOR.obj
            正在创建库 C:/Users/Administrator/Desktop/saveresult/bin/Release/ADDCOLOR.lib 和对象 C:/Users/Administrator/Desktop/saveresult/bin/Release/ADDCOLOR.exp
         ADDCOLOR.vcxproj -> C:\Users\Administrator\Desktop\saveresult\bin\Release\ADDCOLOR.exe
     1>已完成生成项目“C:\Users\Administrator\Desktop\saveresult\bin\ADDCOLOR.vcxproj”(Build 个目标)的操作。

生成成功。

已用时间 00:00:09.28
